Determining if the pthread_create exist failed with the following output:
Change Dir: /home/massimo/Documents/Programmi/uni/progetto/permutationTest/cl/build/CMakeFiles/CMakeTmp

Run Build Command:"/usr/bin/make" "cmTC_6f846/fast"
/usr/bin/make -f CMakeFiles/cmTC_6f846.dir/build.make CMakeFiles/cmTC_6f846.dir/build
make[1]: Entering directory '/home/massimo/Documents/Programmi/uni/progetto/permutationTest/cl/build/CMakeFiles/CMakeTmp'
Building C object CMakeFiles/cmTC_6f846.dir/CheckSymbolExists.c.o
/usr/bin/cc    -o CMakeFiles/cmTC_6f846.dir/CheckSymbolExists.c.o   -c /home/massimo/Documents/Programmi/uni/progetto/permutationTest/cl/build/CMakeFiles/CMakeTmp/CheckSymbolExists.c
Linking C executable cmTC_6f846
/home/massimo/Downloads/CLion/clion-2017.3.4/bin/cmake/bin/cmake -E cmake_link_script CMakeFiles/cmTC_6f846.dir/link.txt --verbose=1
/usr/bin/cc      -rdynamic CMakeFiles/cmTC_6f846.dir/CheckSymbolExists.c.o  -o cmTC_6f846 
CMakeFiles/cmTC_6f846.dir/CheckSymbolExists.c.o: In function `main':
CheckSymbolExists.c:(.text+0x16): undefined reference to `pthread_create'
collect2: error: ld returned 1 exit status
CMakeFiles/cmTC_6f846.dir/build.make:97: recipe for target 'cmTC_6f846' failed
make[1]: *** [cmTC_6f846] Error 1
make[1]: Leaving directory '/home/massimo/Documents/Programmi/uni/progetto/permutationTest/cl/build/CMakeFiles/CMakeTmp'
Makefile:126: recipe for target 'cmTC_6f846/fast' failed
make: *** [cmTC_6f846/fast] Error 2

File /home/massimo/Documents/Programmi/uni/progetto/permutationTest/cl/build/CMakeFiles/CMakeTmp/CheckSymbolExists.c:
/* */
#include <pthread.h>

int main(int argc, char** argv)
{
  (void)argv;
#ifndef pthread_create
  return ((int*)(&pthread_create))[argc];
#else
  (void)argc;
  return 0;
#endif
}

